mode: set
github.com/Shangin-Leonid/acrogen/ag/acronyms.go:32.62,33.55 1 1
github.com/Shangin-Leonid/acrogen/ag/acronyms.go:33.55,35.3 1 1
github.com/Shangin-Leonid/acrogen/ag/acronyms.go:37.2,37.45 1 1
github.com/Shangin-Leonid/acrogen/ag/acronyms.go:55.64,56.80 1 1
github.com/Shangin-Leonid/acrogen/ag/acronyms.go:56.80,57.10 1 1
github.com/Shangin-Leonid/acrogen/ag/acronyms.go:58.24,59.13 1 1
github.com/Shangin-Leonid/acrogen/ag/acronyms.go:60.24,61.12 1 1
github.com/Shangin-Leonid/acrogen/ag/acronyms.go:62.11,63.12 1 1
github.com/Shangin-Leonid/acrogen/ag/acronyms.go:79.62,82.8 2 1
github.com/Shangin-Leonid/acrogen/ag/acronyms.go:82.8,84.3 1 1
github.com/Shangin-Leonid/acrogen/ag/acronyms.go:84.8,86.3 1 1
github.com/Shangin-Leonid/acrogen/ag/acronyms.go:104.64,107.8 2 1
github.com/Shangin-Leonid/acrogen/ag/acronyms.go:107.8,109.3 1 1
github.com/Shangin-Leonid/acrogen/ag/acronyms.go:109.8,111.3 1 1
github.com/Shangin-Leonid/acrogen/ag/acronyms.go:115.49,116.59 1 1
github.com/Shangin-Leonid/acrogen/ag/acronyms.go:116.59,118.3 1 1
github.com/Shangin-Leonid/acrogen/ag/acronyms.go:119.2,119.53 1 1
github.com/Shangin-Leonid/acrogen/ag/acronyms.go:123.44,124.54 1 1
github.com/Shangin-Leonid/acrogen/ag/acronyms.go:124.54,126.3 1 1
github.com/Shangin-Leonid/acrogen/ag/acronyms.go:127.2,127.48 1 1
github.com/Shangin-Leonid/acrogen/ag/acronymsGeneration.go:36.74,37.19 1 1
github.com/Shangin-Leonid/acrogen/ag/acronymsGeneration.go:37.19,39.3 1 0
github.com/Shangin-Leonid/acrogen/ag/acronymsGeneration.go:41.2,41.13 1 1
github.com/Shangin-Leonid/acrogen/ag/acronymsGeneration.go:42.15,43.46 1 1
github.com/Shangin-Leonid/acrogen/ag/acronymsGeneration.go:44.18,45.49 1 1
github.com/Shangin-Leonid/acrogen/ag/acronymsGeneration.go:48.2,48.19 1 0
github.com/Shangin-Leonid/acrogen/ag/acronymsGeneration.go:62.61,64.36 1 1
github.com/Shangin-Leonid/acrogen/ag/acronymsGeneration.go:64.36,67.3 2 1
github.com/Shangin-Leonid/acrogen/ag/acronymsGeneration.go:69.2,73.53 4 1
github.com/Shangin-Leonid/acrogen/ag/acronymsGeneration.go:73.53,76.35 2 1
github.com/Shangin-Leonid/acrogen/ag/acronymsGeneration.go:76.35,77.32 1 1
github.com/Shangin-Leonid/acrogen/ag/acronymsGeneration.go:77.32,81.5 3 1
github.com/Shangin-Leonid/acrogen/ag/acronymsGeneration.go:85.2,87.35 3 1
github.com/Shangin-Leonid/acrogen/ag/acronymsGeneration.go:87.35,90.3 2 1
github.com/Shangin-Leonid/acrogen/ag/acronymsGeneration.go:91.2,93.13 2 1
github.com/Shangin-Leonid/acrogen/ag/acronymsGeneration.go:107.64,115.50 3 1
github.com/Shangin-Leonid/acrogen/ag/acronymsGeneration.go:115.50,120.3 4 1
github.com/Shangin-Leonid/acrogen/ag/acronymsGeneration.go:122.2,122.13 1 1
github.com/Shangin-Leonid/acrogen/ag/utils.go:7.47,11.21 3 1
github.com/Shangin-Leonid/acrogen/ag/utils.go:11.21,14.3 2 1
github.com/Shangin-Leonid/acrogen/ag/utils.go:16.2,16.61 1 1
github.com/Shangin-Leonid/acrogen/ag/utils.go:23.36,25.21 2 1
github.com/Shangin-Leonid/acrogen/ag/utils.go:25.21,27.3 1 1
github.com/Shangin-Leonid/acrogen/ag/utils.go:28.2,28.21 1 1
